# JRE version: Java(TM) SE Runtime Environment (9.0+11) (build 9.0.4+11)
# Java VM: Java HotSpot(TM) 64-Bit Server VM (9.0.4+11, mixed mode, tiered, compressed oops, g1 gc, windows-amd64)
Heap:
 garbage-first heap   total 157696K, used 99801K [0x0000000700000000, 0x00000007001004d0, 0x00000007c0000000)
  region size 1024K, 33 young (33792K), 1 survivors (1024K)
 Metaspace       used 79585K, capacity 85603K, committed 85680K, reserved 1122304K
  class space    used 10849K, capacity 11914K, committed 11952K, reserved 1048576K
GC Heap History (10 events):
Event: 1759.448 GC heap before
{Heap before GC invocations=168 (full 81):
 garbage-first heap   total 157696K, used 112174K [0x0000000700000000, 0x00000007001004d0, 0x00000007c0000000)
  region size 1024K, 47 young (48128K), 0 survivors (0K)
 Metaspace       used 79340K, capacity 85329K, committed 85424K, reserved 1122304K
  class space    used 10837K, capacity 11911K, committed 11952K, reserved 1048576K
}
Event: 1759.451 GC heap after
{Heap after GC invocations=169 (full 81):
 garbage-first heap   total 157696K, used 65474K [0x0000000700000000, 0x00000007001004d0, 0x00000007c0000000)
  region size 1024K, 1 young (1024K), 1 survivors (1024K)
 Metaspace       used 79340K, capacity 85329K, committed 85424K, reserved 1122304K
  class space    used 10837K, capacity 11911K, committed 11952K, reserved 1048576K
}
Event: 1761.160 GC heap before
{Heap before GC invocations=169 (full 81):
 garbage-first heap   total 157696K, used 127938K [0x0000000700000000, 0x00000007001004d0, 0x00000007c0000000)
  region size 1024K, 60 young (61440K), 1 survivors (1024K)
 Metaspace       used 79366K, capacity 85393K, committed 85680K, reserved 1122304K
  class space    used 10837K, capacity 11911K, committed 11952K, reserved 1048576K
}
Event: 1761.163 GC heap after
{Heap after GC invocations=170 (full 81):
 garbage-first heap   total 157696K, used 67753K [0x0000000700000000, 0x00000007001004d0, 0x00000007c0000000)
  region size 1024K, 1 young (1024K), 1 survivors (1024K)
 Metaspace       used 79366K, capacity 85393K, committed 85680K, reserved 1122304K
  class space    used 10837K, capacity 11911K, committed 11952K, reserved 1048576K
}
Event: 1762.466 GC heap before
{Heap before GC invocations=170 (full 81):
 garbage-first heap   total 157696K, used 128169K [0x0000000700000000, 0x00000007001004d0, 0x00000007c0000000)
  region size 1024K, 60 young (61440K), 1 survivors (1024K)
 Metaspace       used 79445K, capacity 85475K, committed 85680K, reserved 1122304K
  class space    used 10849K, capacity 11914K, committed 11952K, reserved 1048576K
}
Event: 1762.469 GC heap after
{Heap after GC invocations=171 (full 81):
 garbage-first heap   total 157696K, used 67863K [0x0000000700000000, 0x00000007001004d0, 0x00000007c0000000)
  region size 1024K, 1 young (1024K), 1 survivors (1024K)
 Metaspace       used 79445K, capacity 85475K, committed 85680K, reserved 1122304K
  class space    used 10849K, capacity 11914K, committed 11952K, reserved 1048576K
}
Event: 1763.835 GC heap before
{Heap before GC invocations=171 (full 81):
 garbage-first heap   total 157696K, used 128279K [0x0000000700000000, 0x00000007001004d0, 0x00000007c0000000)
  region size 1024K, 60 young (61440K), 1 survivors (1024K)
 Metaspace       used 79454K, capacity 85475K, committed 85680K, reserved 1122304K
  class space    used 10849K, capacity 11914K, committed 11952K, reserved 1048576K
}
Event: 1763.838 GC heap after
{Heap after GC invocations=172 (full 81):
 garbage-first heap   total 157696K, used 67838K [0x0000000700000000, 0x00000007001004d0, 0x00000007c0000000)
  region size 1024K, 1 young (1024K), 1 survivors (1024K)
 Metaspace       used 79454K, capacity 85475K, committed 85680K, reserved 1122304K
  class space    used 10849K, capacity 11914K, committed 11952K, reserved 1048576K
}
Event: 1767.010 GC heap before
{Heap before GC invocations=172 (full 81):
 garbage-first heap   total 157696K, used 128254K [0x0000000700000000, 0x00000007001004d0, 0x00000007c0000000)
  region size 1024K, 60 young (61440K), 1 survivors (1024K)
 Metaspace       used 79559K, capacity 85539K, committed 85680K, reserved 1122304K
  class space    used 10849K, capacity 11914K, committed 11952K, reserved 1048576K
}
Event: 1767.013 GC heap after
{Heap after GC invocations=173 (full 81):
 garbage-first heap   total 157696K, used 68057K [0x0000000700000000, 0x00000007001004d0, 0x00000007c0000000)
  region size 1024K, 1 young (1024K), 1 survivors (1024K)
 Metaspace       used 79559K, capacity 85539K, committed 85680K, reserved 1122304K
  class space    used 10849K, capacity 11914K, committed 11952K, reserved 1048576K
}

